INFO:root:conv_1 output: (1, ?, ?, 32)
INFO:root:conv_2 output: (1, ?, ?, 64)
INFO:root:conv_3 output: (1, ?, ?, 64)
INFO:root:conv_4 output: (1, ?, ?, 128)
INFO:root:conv_5 output: (1, ?, ?, 128)
INFO:root:conv_1 output: (1, ?, ?, 128)
INFO:root:conv_1 output: (1, ?, ?, 18)
INFO:root:conv_1 output: (1, ?, ?, 36)
INFO:root:flat_1 output: (?, 6272)
INFO:root:fc_1 output: (?, 1024)
INFO:root:fc_1 output: (?, 2)
INFO:root:fc_1 output: (?, 8)
INFO:root:conv_1 output: (1, ?, ?, 32)
INFO:root:conv_2 output: (1, ?, ?, 64)
INFO:root:conv_3 output: (1, ?, ?, 64)
INFO:root:conv_4 output: (1, ?, ?, 128)
INFO:root:conv_5 output: (1, ?, ?, 128)
INFO:root:conv_1 output: (1, ?, ?, 128)
INFO:root:conv_1 output: (1, ?, ?, 18)
INFO:root:conv_1 output: (1, ?, ?, 36)
INFO:root:flat_1 output: (?, 6272)
INFO:root:fc_1 output: (?, 1024)
INFO:root:fc_1 output: (?, 2)
INFO:root:fc_1 output: (?, 8)
INFO:root:Model training from scratch.
INFO:root:Learning Rate: 0.001000
INFO:root:Epochs: 1
INFO:root:None
INFO:root:{'seed': 1234, 'run_num': 1, 'num_epochs': 1, 'restore_num': 1, 'file_epoch': 1, 'restore': False, 'data_directory': '/Users/mfinkels/repos/tf-Faster-RCNN-craterDetection/project/Data/LRO-equator/', 'save_directory': '../Logs/', 'model_directory': 'lro-equator/', 'batch_size': 1, 'display_step': 250, 'learning_rate': 0.001, 'vis': True, 'gpu': 0, 'restore_slim_file': None, 'restore_directory': '../Logs/lro-equator/Model1/', 'logging_directory': '../Logs/lro-equator/Model1/'}
INFO:root:Average Precision for class 1: 0.0079957
INFO:root:Mean Average Precision on TEST Set: 0.007996
INFO:root:Making New TEST file
